# JRE version: OpenJDK Runtime Environment (11.0.7+10) (build 11.0.7+10-LTS)
# Java VM: OpenJDK 64-Bit Server VM (11.0.7+10-LTS, mixed mode, sharing, tiered, compressed oops, serial gc, linux-amd64)
Heap:
 def new generation   total 42240K, used 0K [0x00000000e3400000, 0x00000000e61d0000, 0x00000000ecd50000)
  eden space 37568K,   0% used [0x00000000e3400000, 0x00000000e3400000, 0x00000000e58b0000)
  from space 4672K,   0% used [0x00000000e58b0000, 0x00000000e58b0000, 0x00000000e5d40000)
  to   space 4672K,   0% used [0x00000000e5d40000, 0x00000000e5d40000, 0x00000000e61d0000)
 tenured generation   total 103492K, used 86899K [0x00000000ecd50000, 0x00000000f3261000, 0x0000000100000000)
   the space 103492K,  83% used [0x00000000ecd50000, 0x00000000f222cdd0, 0x00000000f222ce00, 0x00000000f3261000)
 Metaspace       used 32939K, capacity 34142K, committed 34304K, reserved 1079296K
  class space    used 3520K, capacity 4024K, committed 4096K, reserved 1048576K
GC Heap History (20 events):
Event: 18.215 GC heap after
{Heap after GC invocations=53 (full 3):
 def new generation   total 32768K, used 2335K [0x00000000e3400000, 0x00000000e5780000, 0x00000000ecd50000)
  eden space 29184K,   0% used [0x00000000e3400000, 0x00000000e3400000, 0x00000000e5080000)
  from space 3584K,  65% used [0x00000000e5400000, 0x00000000e5647cb8, 0x00000000e5780000)
  to   space 3584K,   0% used [0x00000000e5080000, 0x00000000e5080000, 0x00000000e5400000)
 tenured generation   total 72656K, used 63806K [0x00000000ecd50000, 0x00000000f1444000, 0x0000000100000000)
   the space 72656K,  87% used [0x00000000ecd50000, 0x00000000f0b9f960, 0x00000000f0b9fa00, 0x00000000f1444000)
 Metaspace       used 28075K, capacity 29092K, committed 29312K, reserved 1075200K
  class space    used 3026K, capacity 3424K, committed 3456K, reserved 1048576K
}
Event: 18.436 GC heap before
{Heap before GC invocations=53 (full 3):
 def new generation   total 32768K, used 31519K [0x00000000e3400000, 0x00000000e5780000, 0x00000000ecd50000)
  eden space 29184K, 100% used [0x00000000e3400000, 0x00000000e5080000, 0x00000000e5080000)
  from space 3584K,  65% used [0x00000000e5400000, 0x00000000e5647cb8, 0x00000000e5780000)
  to   space 3584K,   0% used [0x00000000e5080000, 0x00000000e5080000, 0x00000000e5400000)
 tenured generation   total 72656K, used 63806K [0x00000000ecd50000, 0x00000000f1444000, 0x0000000100000000)
   the space 72656K,  87% used [0x00000000ecd50000, 0x00000000f0b9f960, 0x00000000f0b9fa00, 0x00000000f1444000)
 Metaspace       used 28130K, capacity 29187K, committed 29312K, reserved 1075200K
  class space    used 3030K, capacity 3428K, committed 3456K, reserved 1048576K
}
Event: 18.446 GC heap after
{Heap after GC invocations=54 (full 3):
 def new generation   total 32768K, used 1577K [0x00000000e3400000, 0x00000000e5780000, 0x00000000ecd50000)
  eden space 29184K,   0% used [0x00000000e3400000, 0x00000000e3400000, 0x00000000e5080000)
  from space 3584K,  44% used [0x00000000e5080000, 0x00000000e520a6a0, 0x00000000e5400000)
  to   space 3584K,   0% used [0x00000000e5400000, 0x00000000e5400000, 0x00000000e5780000)
 tenured generation   total 72656K, used 65362K [0x00000000ecd50000, 0x00000000f1444000, 0x0000000100000000)
   the space 72656K,  89% used [0x00000000ecd50000, 0x00000000f0d24b40, 0x00000000f0d24c00, 0x00000000f1444000)
 Metaspace       used 28130K, capacity 29187K, committed 29312K, reserved 1075200K
  class space    used 3030K, capacity 3428K, committed 3456K, reserved 1048576K
}
Event: 18.597 GC heap before
{Heap before GC invocations=54 (full 3):
 def new generation   total 32768K, used 30761K [0x00000000e3400000, 0x00000000e5780000, 0x00000000ecd50000)
  eden space 29184K, 100% used [0x00000000e3400000, 0x00000000e5080000, 0x00000000e5080000)
  from space 3584K,  44% used [0x00000000e5080000, 0x00000000e520a6a0, 0x00000000e5400000)
  to   space 3584K,   0% used [0x00000000e5400000, 0x00000000e5400000, 0x00000000e5780000)
 tenured generation   total 72656K, used 65362K [0x00000000ecd50000, 0x00000000f1444000, 0x0000000100000000)
   the space 72656K,  89% used [0x00000000ecd50000, 0x00000000f0d24b40, 0x00000000f0d24c00, 0x00000000f1444000)
 Metaspace       used 28137K, capacity 29196K, committed 29312K, reserved 1075200K
  class space    used 3030K, capacity 3428K, committed 3456K, reserved 1048576K
}
Event: 18.610 GC heap after
{Heap after GC invocations=55 (full 3):
 def new generation   total 32768K, used 3583K [0x00000000e3400000, 0x00000000e5780000, 0x00000000ecd50000)
  eden space 29184K,   0% used [0x00000000e3400000, 0x00000000e3400000, 0x00000000e5080000)
  from space 3584K,  99% used [0x00000000e5400000, 0x00000000e577fff8, 0x00000000e5780000)
  to   space 3584K,   0% used [0x00000000e5080000, 0x00000000e5080000, 0x00000000e5400000)
 tenured generation   total 72656K, used 65605K [0x00000000ecd50000, 0x00000000f1444000, 0x0000000100000000)
   the space 72656K,  90% used [0x00000000ecd50000, 0x00000000f0d61778, 0x00000000f0d61800, 0x00000000f1444000)
 Metaspace       used 28137K, capacity 29196K, committed 29312K, reserved 1075200K
  class space    used 3030K, capacity 3428K, committed 3456K, reserved 1048576K
}
Event: 19.040 GC heap before
{Heap before GC invocations=55 (full 3):
 def new generation   total 32768K, used 32767K [0x00000000e3400000, 0x00000000e5780000, 0x00000000ecd50000)
  eden space 29184K, 100% used [0x00000000e3400000, 0x00000000e5080000, 0x00000000e5080000)
  from space 3584K,  99% used [0x00000000e5400000, 0x00000000e577fff8, 0x00000000e5780000)
  to   space 3584K,   0% used [0x00000000e5080000, 0x00000000e5080000, 0x00000000e5400000)
 tenured generation   total 72656K, used 65605K [0x00000000ecd50000, 0x00000000f1444000, 0x0000000100000000)
   the space 72656K,  90% used [0x00000000ecd50000, 0x00000000f0d61778, 0x00000000f0d61800, 0x00000000f1444000)
 Metaspace       used 28245K, capacity 29265K, committed 29568K, reserved 1075200K
  class space    used 3031K, capacity 3430K, committed 3456K, reserved 1048576K
}
Event: 19.063 GC heap after
{Heap after GC invocations=56 (full 3):
 def new generation   total 32768K, used 1231K [0x00000000e3400000, 0x00000000e5780000, 0x00000000ecd50000)
  eden space 29184K,   0% used [0x00000000e3400000, 0x00000000e3400000, 0x00000000e5080000)
  from space 3584K,  34% used [0x00000000e5080000, 0x00000000e51b3d70, 0x00000000e5400000)
  to   space 3584K,   0% used [0x00000000e5400000, 0x00000000e5400000, 0x00000000e5780000)
 tenured generation   total 72656K, used 68590K [0x00000000ecd50000, 0x00000000f1444000, 0x0000000100000000)
   the space 72656K,  94% used [0x00000000ecd50000, 0x00000000f104b970, 0x00000000f104ba00, 0x00000000f1444000)
 Metaspace       used 28245K, capacity 29265K, committed 29568K, reserved 1075200K
  class space    used 3031K, capacity 3430K, committed 3456K, reserved 1048576K
}
Event: 19.332 GC heap before
{Heap before GC invocations=56 (full 3):
 def new generation   total 32768K, used 30415K [0x00000000e3400000, 0x00000000e5780000, 0x00000000ecd50000)
  eden space 29184K, 100% used [0x00000000e3400000, 0x00000000e5080000, 0x00000000e5080000)
  from space 3584K,  34% used [0x00000000e5080000, 0x00000000e51b3d70, 0x00000000e5400000)
  to   space 3584K,   0% used [0x00000000e5400000, 0x00000000e5400000, 0x00000000e5780000)
 tenured generation   total 72656K, used 68590K [0x00000000ecd50000, 0x00000000f1444000, 0x0000000100000000)
   the space 72656K,  94% used [0x00000000ecd50000, 0x00000000f104b970, 0x00000000f104ba00, 0x00000000f1444000)
 Metaspace       used 28283K, capacity 29267K, committed 29568K, reserved 1075200K
  class space    used 3031K, capacity 3430K, committed 3456K, reserved 1048576K
}
Event: 19.364 GC heap after
{Heap after GC invocations=57 (full 3):
 def new generation   total 32768K, used 2764K [0x00000000e3400000, 0x00000000e5780000, 0x00000000ecd50000)
  eden space 29184K,   0% used [0x00000000e3400000, 0x00000000e3400000, 0x00000000e5080000)
  from space 3584K,  77% used [0x00000000e5400000, 0x00000000e56b30f0, 0x00000000e5780000)
  to   space 3584K,   0% used [0x00000000e5080000, 0x00000000e5080000, 0x00000000e5400000)
 tenured generation   total 72656K, used 68590K [0x00000000ecd50000, 0x00000000f1444000, 0x0000000100000000)
   the space 72656K,  94% used [0x00000000ecd50000, 0x00000000f104b970, 0x00000000f104ba00, 0x00000000f1444000)
 Metaspace       used 28283K, capacity 29267K, committed 29568K, reserved 1075200K
  class space    used 3031K, capacity 3430K, committed 3456K, reserved 1048576K
}
Event: 19.553 GC heap before
{Heap before GC invocations=57 (full 3):
 def new generation   total 32768K, used 31948K [0x00000000e3400000, 0x00000000e5780000, 0x00000000ecd50000)
  eden space 29184K, 100% used [0x00000000e3400000, 0x00000000e5080000, 0x00000000e5080000)
  from space 3584K,  77% used [0x00000000e5400000, 0x00000000e56b30f0, 0x00000000e5780000)
  to   space 3584K,   0% used [0x00000000e5080000, 0x00000000e5080000, 0x00000000e5400000)
 tenured generation   total 72656K, used 68590K [0x00000000ecd50000, 0x00000000f1444000, 0x0000000100000000)
   the space 72656K,  94% used [0x00000000ecd50000, 0x00000000f104b970, 0x00000000f104ba00, 0x00000000f1444000)
 Metaspace       used 28309K, capacity 29333K, committed 29568K, reserved 1075200K
  class space    used 3031K, capacity 3430K, committed 3456K, reserved 1048576K
}
Event: 19.562 GC heap after
{Heap after GC invocations=58 (full 3):
 def new generation   total 32768K, used 1002K [0x00000000e3400000, 0x00000000e5780000, 0x00000000ecd50000)
  eden space 29184K,   0% used [0x00000000e3400000, 0x00000000e3400000, 0x00000000e5080000)
  from space 3584K,  27% used [0x00000000e5080000, 0x00000000e517ab00, 0x00000000e5400000)
  to   space 3584K,   0% used [0x00000000e5400000, 0x00000000e5400000, 0x00000000e5780000)
 tenured generation   total 72656K, used 69715K [0x00000000ecd50000, 0x00000000f1444000, 0x0000000100000000)
   the space 72656K,  95% used [0x00000000ecd50000, 0x00000000f1164e88, 0x00000000f1165000, 0x00000000f1444000)
 Metaspace       used 28309K, capacity 29333K, committed 29568K, reserved 1075200K
  class space    used 3031K, capacity 3430K, committed 3456K, reserved 1048576K
}
Event: 21.197 GC heap before
{Heap before GC invocations=58 (full 3):
 def new generation   total 32768K, used 30186K [0x00000000e3400000, 0x00000000e5780000, 0x00000000ecd50000)
  eden space 29184K, 100% used [0x00000000e3400000, 0x00000000e5080000, 0x00000000e5080000)
  from space 3584K,  27% used [0x00000000e5080000, 0x00000000e517ab00, 0x00000000e5400000)
  to   space 3584K,   0% used [0x00000000e5400000, 0x00000000e5400000, 0x00000000e5780000)
 tenured generation   total 72656K, used 69715K [0x00000000ecd50000, 0x00000000f1444000, 0x0000000100000000)
   the space 72656K,  95% used [0x00000000ecd50000, 0x00000000f1164e88, 0x00000000f1165000, 0x00000000f1444000)
 Metaspace       used 29389K, capacity 30461K, committed 30720K, reserved 1077248K
  class space    used 3158K, capacity 3573K, committed 3584K, reserved 1048576K
}
Event: 21.208 GC heap after
{Heap after GC invocations=59 (full 3):
 def new generation   total 32768K, used 1811K [0x00000000e3400000, 0x00000000e5780000, 0x00000000ecd50000)
  eden space 29184K,   0% used [0x00000000e3400000, 0x00000000e3400000, 0x00000000e5080000)
  from space 3584K,  50% used [0x00000000e5400000, 0x00000000e55c4c78, 0x00000000e5780000)
  to   space 3584K,   0% used [0x00000000e5080000, 0x00000000e5080000, 0x00000000e5400000)
 tenured generation   total 72656K, used 69715K [0x00000000ecd50000, 0x00000000f1444000, 0x0000000100000000)
   the space 72656K,  95% used [0x00000000ecd50000, 0x00000000f1164e88, 0x00000000f1165000, 0x00000000f1444000)
 Metaspace       used 29389K, capacity 30461K, committed 30720K, reserved 1077248K
  class space    used 3158K, capacity 3573K, committed 3584K, reserved 1048576K
}
Event: 22.884 GC heap before
{Heap before GC invocations=59 (full 3):
 def new generation   total 32768K, used 30995K [0x00000000e3400000, 0x00000000e5780000, 0x00000000ecd50000)
  eden space 29184K, 100% used [0x00000000e3400000, 0x00000000e5080000, 0x00000000e5080000)
  from space 3584K,  50% used [0x00000000e5400000, 0x00000000e55c4c78, 0x00000000e5780000)
  to   space 3584K,   0% used [0x00000000e5080000, 0x00000000e5080000, 0x00000000e5400000)
 tenured generation   total 72656K, used 69715K [0x00000000ecd50000, 0x00000000f1444000, 0x0000000100000000)
   the space 72656K,  95% used [0x00000000ecd50000, 0x00000000f1164e88, 0x00000000f1165000, 0x00000000f1444000)
 Metaspace       used 30237K, capacity 31354K, committed 31616K, reserved 1077248K
  class space    used 3205K, capacity 3632K, committed 3712K, reserved 1048576K
}
Event: 22.902 GC heap after
{Heap after GC invocations=60 (full 3):
 def new generation   total 32768K, used 2065K [0x00000000e3400000, 0x00000000e5780000, 0x00000000ecd50000)
  eden space 29184K,   0% used [0x00000000e3400000, 0x00000000e3400000, 0x00000000e5080000)
  from space 3584K,  57% used [0x00000000e5080000, 0x00000000e52847c0, 0x00000000e5400000)
  to   space 3584K,   0% used [0x00000000e5400000, 0x00000000e5400000, 0x00000000e5780000)
 tenured generation   total 72656K, used 71431K [0x00000000ecd50000, 0x00000000f1444000, 0x0000000100000000)
   the space 72656K,  98% used [0x00000000ecd50000, 0x00000000f1311d68, 0x00000000f1311e00, 0x00000000f1444000)
 Metaspace       used 30237K, capacity 31354K, committed 31616K, reserved 1077248K
  class space    used 3205K, capacity 3632K, committed 3712K, reserved 1048576K
}
Event: 25.198 GC heap before
{Heap before GC invocations=60 (full 3):
 def new generation   total 32768K, used 31249K [0x00000000e3400000, 0x00000000e5780000, 0x00000000ecd50000)
  eden space 29184K, 100% used [0x00000000e3400000, 0x00000000e5080000, 0x00000000e5080000)
  from space 3584K,  57% used [0x00000000e5080000, 0x00000000e52847c0, 0x00000000e5400000)
  to   space 3584K,   0% used [0x00000000e5400000, 0x00000000e5400000, 0x00000000e5780000)
 tenured generation   total 72656K, used 71431K [0x00000000ecd50000, 0x00000000f1444000, 0x0000000100000000)
   the space 72656K,  98% used [0x00000000ecd50000, 0x00000000f1311d68, 0x00000000f1311e00, 0x00000000f1444000)
 Metaspace       used 31213K, capacity 32421K, committed 32512K, reserved 1077248K
  class space    used 3285K, capacity 3749K, committed 3840K, reserved 1048576K
}
Event: 25.788 GC heap after
{Heap after GC invocations=61 (full 4):
 def new generation   total 42240K, used 0K [0x00000000e3400000, 0x00000000e61d0000, 0x00000000ecd50000)
  eden space 37568K,   0% used [0x00000000e3400000, 0x00000000e3400000, 0x00000000e58b0000)
  from space 4672K,   0% used [0x00000000e58b0000, 0x00000000e58b0000, 0x00000000e5d40000)
  to   space 4672K,   0% used [0x00000000e5d40000, 0x00000000e5d40000, 0x00000000e61d0000)
 tenured generation   total 93724K, used 56232K [0x00000000ecd50000, 0x00000000f28d7000, 0x0000000100000000)
   the space 93724K,  59% used [0x00000000ecd50000, 0x00000000f043a0c8, 0x00000000f043a200, 0x00000000f28d7000)
 Metaspace       used 31213K, capacity 32421K, committed 32512K, reserved 1077248K
  class space    used 3285K, capacity 3749K, committed 3840K, reserved 1048576K
}
Event: 29.370 GC heap before
{Heap before GC invocations=61 (full 4):
 def new generation   total 42240K, used 33672K [0x00000000e3400000, 0x00000000e61d0000, 0x00000000ecd50000)
  eden space 37568K,  89% used [0x00000000e3400000, 0x00000000e54e21c0, 0x00000000e58b0000)
  from space 4672K,   0% used [0x00000000e58b0000, 0x00000000e58b0000, 0x00000000e5d40000)
  to   space 4672K,   0% used [0x00000000e5d40000, 0x00000000e5d40000, 0x00000000e61d0000)
 tenured generation   total 93724K, used 56232K [0x00000000ecd50000, 0x00000000f28d7000, 0x0000000100000000)
   the space 93724K,  59% used [0x00000000ecd50000, 0x00000000f043a0c8, 0x00000000f043a200, 0x00000000f28d7000)
 Metaspace       used 32844K, capacity 34078K, committed 34304K, reserved 1079296K
  class space    used 3508K, capacity 4024K, committed 4096K, reserved 1048576K
}
Event: 29.386 GC heap after
{Heap after GC invocations=62 (full 4):
 def new generation   total 42240K, used 1647K [0x00000000e3400000, 0x00000000e61d0000, 0x00000000ecd50000)
  eden space 37568K,   0% used [0x00000000e3400000, 0x00000000e3400000, 0x00000000e58b0000)
  from space 4672K,  35% used [0x00000000e5d40000, 0x00000000e5edbcc0, 0x00000000e61d0000)
  to   space 4672K,   0% used [0x00000000e58b0000, 0x00000000e58b0000, 0x00000000e5d40000)
 tenured generation   total 93724K, used 65997K [0x00000000ecd50000, 0x00000000f28d7000, 0x0000000100000000)
   the space 93724K,  70% used [0x00000000ecd50000, 0x00000000f0dc3758, 0x00000000f0dc3800, 0x00000000f28d7000)
 Metaspace       used 32844K, capacity 34078K, committed 34304K, reserved 1079296K
  class space    used 3508K, capacity 4024K, committed 4096K, reserved 1048576K
}
Event: 31.516 GC heap before
{Heap before GC invocations=62 (full 4):
 def new generation   total 42240K, used 32060K [0x00000000e3400000, 0x00000000e61d0000, 0x00000000ecd50000)
  eden space 37568K,  80% used [0x00000000e3400000, 0x00000000e51b3650, 0x00000000e58b0000)
  from space 4672K,  35% used [0x00000000e5d40000, 0x00000000e5edbcc0, 0x00000000e61d0000)
  to   space 4672K,   0% used [0x00000000e58b0000, 0x00000000e58b0000, 0x00000000e5d40000)
 tenured generation   total 93724K, used 65997K [0x00000000ecd50000, 0x00000000f28d7000, 0x0000000100000000)
   the space 93724K,  70% used [0x00000000ecd50000, 0x00000000f0dc3758, 0x00000000f0dc3800, 0x00000000f28d7000)
 Metaspace       used 32939K, capacity 34142K, committed 34304K, reserved 1079296K
  class space    used 3520K, capacity 4024K, committed 4096K, reserved 1048576K
}

